{"C:\\Users\\Patryk\\ReactProject\\aplikacja\\backend\\server.js": {"path":"C:\\Users\\Patryk\\ReactProject\\aplikacja\\backend\\server.js","statementMap":{"0":{"start":{"line":1,"column":16},"end":{"line":1,"column":34}},"1":{"start":{"line":2,"column":13},"end":{"line":2,"column":28}},"2":{"start":{"line":3,"column":13},"end":{"line":3,"column":41}},"3":{"start":{"line":4,"column":0},"end":{"line":4,"column":27}},"4":{"start":{"line":6,"column":12},"end":{"line":6,"column":21}},"5":{"start":{"line":9,"column":0},"end":{"line":9,"column":16}},"6":{"start":{"line":10,"column":0},"end":{"line":10,"column":24}},"7":{"start":{"line":11,"column":0},"end":{"line":11,"column":48}},"8":{"start":{"line":14,"column":0},"end":{"line":17,"column":3}},"9":{"start":{"line":15,"column":4},"end":{"line":15,"column":75}},"10":{"start":{"line":16,"column":4},"end":{"line":16,"column":11}},"11":{"start":{"line":20,"column":19},"end":{"line":20,"column":43}},"12":{"start":{"line":21,"column":27},"end":{"line":21,"column":59}},"13":{"start":{"line":22,"column":19},"end":{"line":22,"column":43}},"14":{"start":{"line":23,"column":23},"end":{"line":23,"column":51}},"15":{"start":{"line":25,"column":0},"end":{"line":25,"column":33}},"16":{"start":{"line":26,"column":0},"end":{"line":26,"column":49}},"17":{"start":{"line":27,"column":0},"end":{"line":27,"column":33}},"18":{"start":{"line":28,"column":0},"end":{"line":28,"column":41}},"19":{"start":{"line":31,"column":0},"end":{"line":37,"column":3}},"20":{"start":{"line":32,"column":4},"end":{"line":36,"column":7}},"21":{"start":{"line":40,"column":0},"end":{"line":52,"column":3}},"22":{"start":{"line":41,"column":4},"end":{"line":51,"column":7}},"23":{"start":{"line":55,"column":0},"end":{"line":57,"column":3}},"24":{"start":{"line":56,"column":4},"end":{"line":56,"column":80}},"25":{"start":{"line":60,"column":0},"end":{"line":63,"column":3}},"26":{"start":{"line":61,"column":4},"end":{"line":61,"column":33}},"27":{"start":{"line":62,"column":4},"end":{"line":62,"column":83}},"28":{"start":{"line":66,"column":0},"end":{"line":73,"column":1}},"29":{"start":{"line":67,"column":17},"end":{"line":67,"column":41}},"30":{"start":{"line":68,"column":4},"end":{"line":72,"column":7}},"31":{"start":{"line":69,"column":8},"end":{"line":69,"column":72}},"32":{"start":{"line":70,"column":8},"end":{"line":70,"column":68}},"33":{"start":{"line":71,"column":8},"end":{"line":71,"column":76}},"34":{"start":{"line":76,"column":0},"end":{"line":76,"column":21}}},"fnMap":{"0":{"name":"(anonymous_0)","decl":{"start":{"line":14,"column":8},"end":{"line":14,"column":9}},"loc":{"start":{"line":14,"column":28},"end":{"line":17,"column":1}},"line":14},"1":{"name":"(anonymous_1)","decl":{"start":{"line":31,"column":23},"end":{"line":31,"column":24}},"loc":{"start":{"line":31,"column":37},"end":{"line":37,"column":1}},"line":31},"2":{"name":"(anonymous_2)","decl":{"start":{"line":40,"column":13},"end":{"line":40,"column":14}},"loc":{"start":{"line":40,"column":27},"end":{"line":52,"column":1}},"line":40},"3":{"name":"(anonymous_3)","decl":{"start":{"line":55,"column":8},"end":{"line":55,"column":9}},"loc":{"start":{"line":55,"column":22},"end":{"line":57,"column":1}},"line":55},"4":{"name":"(anonymous_4)","decl":{"start":{"line":60,"column":8},"end":{"line":60,"column":9}},"loc":{"start":{"line":60,"column":33},"end":{"line":63,"column":1}},"line":60},"5":{"name":"(anonymous_5)","decl":{"start":{"line":68,"column":21},"end":{"line":68,"column":22}},"loc":{"start":{"line":68,"column":27},"end":{"line":72,"column":5}},"line":68}},"branchMap":{"0":{"loc":{"start":{"line":35,"column":18},"end":{"line":35,"column":53}},"type":"cond-expr","locations":[{"start":{"line":35,"column":25},"end":{"line":35,"column":36}},{"start":{"line":35,"column":39},"end":{"line":35,"column":53}}],"line":35},"1":{"loc":{"start":{"line":66,"column":0},"end":{"line":73,"column":1}},"type":"if","locations":[{"start":{"line":66,"column":0},"end":{"line":73,"column":1}},{"start":{},"end":{}}],"line":66},"2":{"loc":{"start":{"line":67,"column":17},"end":{"line":67,"column":41}},"type":"binary-expr","locations":[{"start":{"line":67,"column":17},"end":{"line":67,"column":33}},{"start":{"line":67,"column":37},"end":{"line":67,"column":41}}],"line":67}},"s":{"0":1,"1":1,"2":1,"3":1,"4":1,"5":1,"6":1,"7":1,"8":1,"9":5,"10":5,"11":1,"12":1,"13":1,"14":1,"15":1,"16":1,"17":1,"18":1,"19":1,"20":0,"21":1,"22":0,"23":1,"24":0,"25":1,"26":0,"27":0,"28":1,"29":0,"30":0,"31":0,"32":0,"33":0,"34":1},"f":{"0":5,"1":0,"2":0,"3":0,"4":0,"5":0},"b":{"0":[0,0],"1":[0,1],"2":[0,0]},"_coverageSchema":"1a1c01bbd47fc00a2c39e90264f33305004495a9","hash":"ff6246d0a3ad8730d2c849e684cd6d2660bc5714"}
,"C:\\Users\\Patryk\\ReactProject\\aplikacja\\backend\\config\\database.js": {"path":"C:\\Users\\Patryk\\ReactProject\\aplikacja\\backend\\config\\database.js","statementMap":{"0":{"start":{"line":1,"column":17},"end":{"line":1,"column":30}},"1":{"start":{"line":2,"column":0},"end":{"line":2,"column":27}},"2":{"start":{"line":4,"column":13},"end":{"line":10,"column":2}},"3":{"start":{"line":13,"column":0},"end":{"line":15,"column":3}},"4":{"start":{"line":14,"column":2},"end":{"line":14,"column":52}},"5":{"start":{"line":17,"column":0},"end":{"line":20,"column":3}},"6":{"start":{"line":18,"column":2},"end":{"line":18,"column":58}},"7":{"start":{"line":19,"column":2},"end":{"line":19,"column":19}},"8":{"start":{"line":22,"column":0},"end":{"line":22,"column":22}}},"fnMap":{"0":{"name":"(anonymous_0)","decl":{"start":{"line":13,"column":19},"end":{"line":13,"column":20}},"loc":{"start":{"line":13,"column":25},"end":{"line":15,"column":1}},"line":13},"1":{"name":"(anonymous_1)","decl":{"start":{"line":17,"column":17},"end":{"line":17,"column":18}},"loc":{"start":{"line":17,"column":26},"end":{"line":20,"column":1}},"line":17}},"branchMap":{},"s":{"0":1,"1":1,"2":1,"3":1,"4":1,"5":1,"6":0,"7":0,"8":1},"f":{"0":1,"1":0},"b":{},"_coverageSchema":"1a1c01bbd47fc00a2c39e90264f33305004495a9","hash":"22b5727da595459ae3895d5266f07c609a961724"}
,"C:\\Users\\Patryk\\ReactProject\\aplikacja\\backend\\middleware\\validation.js": {"path":"C:\\Users\\Patryk\\ReactProject\\aplikacja\\backend\\middleware\\validation.js","statementMap":{"0":{"start":{"line":3,"column":24},"end":{"line":55,"column":1}},"1":{"start":{"line":4,"column":60},"end":{"line":4,"column":68}},"2":{"start":{"line":5,"column":19},"end":{"line":5,"column":21}},"3":{"start":{"line":8,"column":4},"end":{"line":10,"column":5}},"4":{"start":{"line":9,"column":8},"end":{"line":9,"column":75}},"5":{"start":{"line":12,"column":4},"end":{"line":14,"column":5}},"6":{"start":{"line":13,"column":8},"end":{"line":13,"column":75}},"7":{"start":{"line":16,"column":4},"end":{"line":18,"column":5}},"8":{"start":{"line":17,"column":8},"end":{"line":17,"column":67}},"9":{"start":{"line":20,"column":28},"end":{"line":20,"column":60}},"10":{"start":{"line":21,"column":4},"end":{"line":23,"column":5}},"11":{"start":{"line":22,"column":8},"end":{"line":22,"column":78}},"12":{"start":{"line":25,"column":4},"end":{"line":27,"column":5}},"13":{"start":{"line":26,"column":8},"end":{"line":26,"column":63}},"14":{"start":{"line":30,"column":4},"end":{"line":32,"column":5}},"15":{"start":{"line":31,"column":8},"end":{"line":31,"column":50}},"16":{"start":{"line":34,"column":4},"end":{"line":36,"column":5}},"17":{"start":{"line":35,"column":8},"end":{"line":35,"column":63}},"18":{"start":{"line":38,"column":4},"end":{"line":40,"column":5}},"19":{"start":{"line":39,"column":8},"end":{"line":39,"column":49}},"20":{"start":{"line":42,"column":4},"end":{"line":47,"column":5}},"21":{"start":{"line":43,"column":8},"end":{"line":46,"column":11}},"22":{"start":{"line":50,"column":4},"end":{"line":50,"column":34}},"23":{"start":{"line":51,"column":4},"end":{"line":51,"column":34}},"24":{"start":{"line":52,"column":4},"end":{"line":52,"column":47}},"25":{"start":{"line":54,"column":4},"end":{"line":54,"column":11}},"26":{"start":{"line":57,"column":22},"end":{"line":68,"column":1}},"27":{"start":{"line":58,"column":19},"end":{"line":58,"column":29}},"28":{"start":{"line":60,"column":4},"end":{"line":65,"column":5}},"29":{"start":{"line":61,"column":8},"end":{"line":64,"column":11}},"30":{"start":{"line":67,"column":4},"end":{"line":67,"column":11}},"31":{"start":{"line":70,"column":28},"end":{"line":93,"column":1}},"32":{"start":{"line":71,"column":36},"end":{"line":71,"column":45}},"33":{"start":{"line":72,"column":19},"end":{"line":72,"column":21}},"34":{"start":{"line":74,"column":4},"end":{"line":79,"column":5}},"35":{"start":{"line":75,"column":32},"end":{"line":75,"column":64}},"36":{"start":{"line":76,"column":8},"end":{"line":78,"column":9}},"37":{"start":{"line":77,"column":12},"end":{"line":77,"column":82}},"38":{"start":{"line":81,"column":4},"end":{"line":83,"column":5}},"39":{"start":{"line":82,"column":8},"end":{"line":82,"column":55}},"40":{"start":{"line":85,"column":4},"end":{"line":90,"column":5}},"41":{"start":{"line":86,"column":8},"end":{"line":89,"column":11}},"42":{"start":{"line":92,"column":4},"end":{"line":92,"column":11}},"43":{"start":{"line":95,"column":0},"end":{"line":99,"column":2}}},"fnMap":{"0":{"name":"(anonymous_0)","decl":{"start":{"line":3,"column":24},"end":{"line":3,"column":25}},"loc":{"start":{"line":3,"column":44},"end":{"line":55,"column":1}},"line":3},"1":{"name":"(anonymous_1)","decl":{"start":{"line":57,"column":22},"end":{"line":57,"column":23}},"loc":{"start":{"line":57,"column":42},"end":{"line":68,"column":1}},"line":57},"2":{"name":"(anonymous_2)","decl":{"start":{"line":70,"column":28},"end":{"line":70,"column":29}},"loc":{"start":{"line":70,"column":48},"end":{"line":93,"column":1}},"line":70}},"branchMap":{"0":{"loc":{"start":{"line":8,"column":4},"end":{"line":10,"column":5}},"type":"if","locations":[{"start":{"line":8,"column":4},"end":{"line":10,"column":5}},{"start":{},"end":{}}],"line":8},"1":{"loc":{"start":{"line":8,"column":8},"end":{"line":8,"column":99}},"type":"binary-expr","locations":[{"start":{"line":8,"column":8},"end":{"line":8,"column":14}},{"start":{"line":8,"column":18},"end":{"line":8,"column":43}},{"start":{"line":8,"column":47},"end":{"line":8,"column":70}},{"start":{"line":8,"column":74},"end":{"line":8,"column":99}}],"line":8},"2":{"loc":{"start":{"line":12,"column":4},"end":{"line":14,"column":5}},"type":"if","locations":[{"start":{"line":12,"column":4},"end":{"line":14,"column":5}},{"start":{},"end":{}}],"line":12},"3":{"loc":{"start":{"line":12,"column":8},"end":{"line":12,"column":99}},"type":"binary-expr","locations":[{"start":{"line":12,"column":8},"end":{"line":12,"column":14}},{"start":{"line":12,"column":18},"end":{"line":12,"column":43}},{"start":{"line":12,"column":47},"end":{"line":12,"column":70}},{"start":{"line":12,"column":74},"end":{"line":12,"column":99}}],"line":12},"4":{"loc":{"start":{"line":16,"column":4},"end":{"line":18,"column":5}},"type":"if","locations":[{"start":{"line":16,"column":4},"end":{"line":18,"column":5}},{"start":{},"end":{}}],"line":16},"5":{"loc":{"start":{"line":16,"column":8},"end":{"line":16,"column":71}},"type":"binary-expr","locations":[{"start":{"line":16,"column":8},"end":{"line":16,"column":13}},{"start":{"line":16,"column":17},"end":{"line":16,"column":41}},{"start":{"line":16,"column":45},"end":{"line":16,"column":56}},{"start":{"line":16,"column":60},"end":{"line":16,"column":71}}],"line":16},"6":{"loc":{"start":{"line":21,"column":4},"end":{"line":23,"column":5}},"type":"if","locations":[{"start":{"line":21,"column":4},"end":{"line":23,"column":5}},{"start":{},"end":{}}],"line":21},"7":{"loc":{"start":{"line":21,"column":8},"end":{"line":21,"column":70}},"type":"binary-expr","locations":[{"start":{"line":21,"column":8},"end":{"line":21,"column":17}},{"start":{"line":21,"column":21},"end":{"line":21,"column":70}}],"line":21},"8":{"loc":{"start":{"line":25,"column":4},"end":{"line":27,"column":5}},"type":"if","locations":[{"start":{"line":25,"column":4},"end":{"line":27,"column":5}},{"start":{},"end":{}}],"line":25},"9":{"loc":{"start":{"line":25,"column":8},"end":{"line":25,"column":81}},"type":"binary-expr","locations":[{"start":{"line":25,"column":8},"end":{"line":25,"column":22}},{"start":{"line":25,"column":26},"end":{"line":25,"column":59}},{"start":{"line":25,"column":63},"end":{"line":25,"column":81}}],"line":25},"10":{"loc":{"start":{"line":30,"column":4},"end":{"line":32,"column":5}},"type":"if","locations":[{"start":{"line":30,"column":4},"end":{"line":32,"column":5}},{"start":{},"end":{}}],"line":30},"11":{"loc":{"start":{"line":30,"column":8},"end":{"line":30,"column":68}},"type":"binary-expr","locations":[{"start":{"line":30,"column":8},"end":{"line":30,"column":26}},{"start":{"line":30,"column":30},"end":{"line":30,"column":68}}],"line":30},"12":{"loc":{"start":{"line":34,"column":4},"end":{"line":36,"column":5}},"type":"if","locations":[{"start":{"line":34,"column":4},"end":{"line":36,"column":5}},{"start":{},"end":{}}],"line":34},"13":{"loc":{"start":{"line":34,"column":8},"end":{"line":34,"column":107}},"type":"binary-expr","locations":[{"start":{"line":34,"column":8},"end":{"line":34,"column":22}},{"start":{"line":34,"column":27},"end":{"line":34,"column":61}},{"start":{"line":34,"column":65},"end":{"line":34,"column":83}},{"start":{"line":34,"column":87},"end":{"line":34,"column":106}}],"line":34},"14":{"loc":{"start":{"line":38,"column":4},"end":{"line":40,"column":5}},"type":"if","locations":[{"start":{"line":38,"column":4},"end":{"line":40,"column":5}},{"start":{},"end":{}}],"line":38},"15":{"loc":{"start":{"line":38,"column":8},"end":{"line":38,"column":62}},"type":"binary-expr","locations":[{"start":{"line":38,"column":8},"end":{"line":38,"column":25}},{"start":{"line":38,"column":29},"end":{"line":38,"column":62}}],"line":38},"16":{"loc":{"start":{"line":42,"column":4},"end":{"line":47,"column":5}},"type":"if","locations":[{"start":{"line":42,"column":4},"end":{"line":47,"column":5}},{"start":{},"end":{}}],"line":42},"17":{"loc":{"start":{"line":60,"column":4},"end":{"line":65,"column":5}},"type":"if","locations":[{"start":{"line":60,"column":4},"end":{"line":65,"column":5}},{"start":{},"end":{}}],"line":60},"18":{"loc":{"start":{"line":60,"column":8},"end":{"line":60,"column":34}},"type":"binary-expr","locations":[{"start":{"line":60,"column":8},"end":{"line":60,"column":11}},{"start":{"line":60,"column":15},"end":{"line":60,"column":34}}],"line":60},"19":{"loc":{"start":{"line":74,"column":4},"end":{"line":79,"column":5}},"type":"if","locations":[{"start":{"line":74,"column":4},"end":{"line":79,"column":5}},{"start":{},"end":{}}],"line":74},"20":{"loc":{"start":{"line":76,"column":8},"end":{"line":78,"column":9}},"type":"if","locations":[{"start":{"line":76,"column":8},"end":{"line":78,"column":9}},{"start":{},"end":{}}],"line":76},"21":{"loc":{"start":{"line":81,"column":4},"end":{"line":83,"column":5}},"type":"if","locations":[{"start":{"line":81,"column":4},"end":{"line":83,"column":5}},{"start":{},"end":{}}],"line":81},"22":{"loc":{"start":{"line":81,"column":8},"end":{"line":81,"column":66}},"type":"binary-expr","locations":[{"start":{"line":81,"column":8},"end":{"line":81,"column":17}},{"start":{"line":81,"column":21},"end":{"line":81,"column":41}},{"start":{"line":81,"column":45},"end":{"line":81,"column":66}}],"line":81},"23":{"loc":{"start":{"line":85,"column":4},"end":{"line":90,"column":5}},"type":"if","locations":[{"start":{"line":85,"column":4},"end":{"line":90,"column":5}},{"start":{},"end":{}}],"line":85}},"s":{"0":1,"1":2,"2":2,"3":2,"4":0,"5":2,"6":0,"7":2,"8":0,"9":2,"10":2,"11":0,"12":2,"13":0,"14":2,"15":0,"16":2,"17":0,"18":2,"19":0,"20":2,"21":0,"22":2,"23":2,"24":2,"25":2,"26":1,"27":2,"28":2,"29":0,"30":2,"31":1,"32":1,"33":1,"34":1,"35":0,"36":0,"37":0,"38":1,"39":0,"40":1,"41":0,"42":1,"43":1},"f":{"0":2,"1":2,"2":1},"b":{"0":[0,2],"1":[2,2,2,2],"2":[0,2],"3":[2,2,2,2],"4":[0,2],"5":[2,2,2,2],"6":[0,2],"7":[2,2],"8":[0,2],"9":[2,2,2],"10":[0,2],"11":[2,0],"12":[0,2],"13":[2,0,0,0],"14":[0,2],"15":[2,0],"16":[0,2],"17":[0,2],"18":[2,2],"19":[0,1],"20":[0,0],"21":[0,1],"22":[1,0,0],"23":[0,1]},"_coverageSchema":"1a1c01bbd47fc00a2c39e90264f33305004495a9","hash":"add7c900924507fb0209ac436c0b135f8477f508"}
,"C:\\Users\\Patryk\\ReactProject\\aplikacja\\backend\\routes\\auth.js": {"path":"C:\\Users\\Patryk\\ReactProject\\aplikacja\\backend\\routes\\auth.js","statementMap":{"0":{"start":{"line":1,"column":16},"end":{"line":1,"column":34}},"1":{"start":{"line":2,"column":15},"end":{"line":2,"column":31}},"2":{"start":{"line":7,"column":26},"end":{"line":10,"column":1}},"3":{"start":{"line":13,"column":17},"end":{"line":13,"column":26}},"4":{"start":{"line":17,"column":4},"end":{"line":17,"column":77}},"5":{"start":{"line":21,"column":0},"end":{"line":66,"column":3}},"6":{"start":{"line":22,"column":4},"end":{"line":65,"column":5}},"7":{"start":{"line":23,"column":39},"end":{"line":23,"column":47}},"8":{"start":{"line":26,"column":8},"end":{"line":31,"column":9}},"9":{"start":{"line":27,"column":12},"end":{"line":30,"column":15}},"10":{"start":{"line":34,"column":8},"end":{"line":39,"column":9}},"11":{"start":{"line":35,"column":12},"end":{"line":38,"column":15}},"12":{"start":{"line":42,"column":29},"end":{"line":42,"column":51}},"13":{"start":{"line":43,"column":8},"end":{"line":47,"column":11}},"14":{"start":{"line":49,"column":8},"end":{"line":57,"column":11}},"15":{"start":{"line":60,"column":8},"end":{"line":60,"column":45}},"16":{"start":{"line":61,"column":8},"end":{"line":64,"column":11}},"17":{"start":{"line":69,"column":0},"end":{"line":89,"column":3}},"18":{"start":{"line":70,"column":4},"end":{"line":88,"column":5}},"19":{"start":{"line":71,"column":29},"end":{"line":71,"column":81}},"20":{"start":{"line":73,"column":8},"end":{"line":75,"column":9}},"21":{"start":{"line":74,"column":12},"end":{"line":74,"column":42}},"22":{"start":{"line":77,"column":8},"end":{"line":80,"column":11}},"23":{"start":{"line":83,"column":8},"end":{"line":83,"column":46}},"24":{"start":{"line":84,"column":8},"end":{"line":87,"column":11}},"25":{"start":{"line":92,"column":0},"end":{"line":127,"column":3}},"26":{"start":{"line":93,"column":4},"end":{"line":126,"column":5}},"27":{"start":{"line":94,"column":29},"end":{"line":94,"column":81}},"28":{"start":{"line":96,"column":8},"end":{"line":101,"column":9}},"29":{"start":{"line":97,"column":12},"end":{"line":100,"column":15}},"30":{"start":{"line":103,"column":24},"end":{"line":103,"column":50}},"31":{"start":{"line":105,"column":8},"end":{"line":110,"column":9}},"32":{"start":{"line":106,"column":12},"end":{"line":109,"column":15}},"33":{"start":{"line":112,"column":8},"end":{"line":118,"column":11}},"34":{"start":{"line":121,"column":8},"end":{"line":121,"column":46}},"35":{"start":{"line":122,"column":8},"end":{"line":125,"column":11}},"36":{"start":{"line":131,"column":25},"end":{"line":131,"column":77}},"37":{"start":{"line":133,"column":4},"end":{"line":138,"column":5}},"38":{"start":{"line":134,"column":8},"end":{"line":137,"column":11}},"39":{"start":{"line":140,"column":4},"end":{"line":140,"column":45}},"40":{"start":{"line":141,"column":4},"end":{"line":141,"column":11}},"41":{"start":{"line":144,"column":0},"end":{"line":144,"column":24}},"42":{"start":{"line":145,"column":0},"end":{"line":145,"column":41}}},"fnMap":{"0":{"name":"generateSessionToken","decl":{"start":{"line":16,"column":9},"end":{"line":16,"column":29}},"loc":{"start":{"line":16,"column":32},"end":{"line":18,"column":1}},"line":16},"1":{"name":"(anonymous_1)","decl":{"start":{"line":21,"column":22},"end":{"line":21,"column":23}},"loc":{"start":{"line":21,"column":36},"end":{"line":66,"column":1}},"line":21},"2":{"name":"(anonymous_2)","decl":{"start":{"line":69,"column":23},"end":{"line":69,"column":24}},"loc":{"start":{"line":69,"column":37},"end":{"line":89,"column":1}},"line":69},"3":{"name":"(anonymous_3)","decl":{"start":{"line":92,"column":22},"end":{"line":92,"column":23}},"loc":{"start":{"line":92,"column":36},"end":{"line":127,"column":1}},"line":92},"4":{"name":"requireAuth","decl":{"start":{"line":130,"column":9},"end":{"line":130,"column":20}},"loc":{"start":{"line":130,"column":37},"end":{"line":142,"column":1}},"line":130}},"branchMap":{"0":{"loc":{"start":{"line":26,"column":8},"end":{"line":31,"column":9}},"type":"if","locations":[{"start":{"line":26,"column":8},"end":{"line":31,"column":9}},{"start":{},"end":{}}],"line":26},"1":{"loc":{"start":{"line":26,"column":12},"end":{"line":26,"column":34}},"type":"binary-expr","locations":[{"start":{"line":26,"column":12},"end":{"line":26,"column":21}},{"start":{"line":26,"column":25},"end":{"line":26,"column":34}}],"line":26},"2":{"loc":{"start":{"line":34,"column":8},"end":{"line":39,"column":9}},"type":"if","locations":[{"start":{"line":34,"column":8},"end":{"line":39,"column":9}},{"start":{},"end":{}}],"line":34},"3":{"loc":{"start":{"line":34,"column":12},"end":{"line":34,"column":94}},"type":"binary-expr","locations":[{"start":{"line":34,"column":12},"end":{"line":34,"column":51}},{"start":{"line":34,"column":55},"end":{"line":34,"column":94}}],"line":34},"4":{"loc":{"start":{"line":73,"column":8},"end":{"line":75,"column":9}},"type":"if","locations":[{"start":{"line":73,"column":8},"end":{"line":75,"column":9}},{"start":{},"end":{}}],"line":73},"5":{"loc":{"start":{"line":73,"column":12},"end":{"line":73,"column":54}},"type":"binary-expr","locations":[{"start":{"line":73,"column":12},"end":{"line":73,"column":24}},{"start":{"line":73,"column":28},"end":{"line":73,"column":54}}],"line":73},"6":{"loc":{"start":{"line":96,"column":8},"end":{"line":101,"column":9}},"type":"if","locations":[{"start":{"line":96,"column":8},"end":{"line":101,"column":9}},{"start":{},"end":{}}],"line":96},"7":{"loc":{"start":{"line":105,"column":8},"end":{"line":110,"column":9}},"type":"if","locations":[{"start":{"line":105,"column":8},"end":{"line":110,"column":9}},{"start":{},"end":{}}],"line":105},"8":{"loc":{"start":{"line":133,"column":4},"end":{"line":138,"column":5}},"type":"if","locations":[{"start":{"line":133,"column":4},"end":{"line":138,"column":5}},{"start":{},"end":{}}],"line":133},"9":{"loc":{"start":{"line":133,"column":8},"end":{"line":133,"column":52}},"type":"binary-expr","locations":[{"start":{"line":133,"column":8},"end":{"line":133,"column":21}},{"start":{"line":133,"column":25},"end":{"line":133,"column":52}}],"line":133}},"s":{"0":1,"1":1,"2":1,"3":1,"4":0,"5":1,"6":0,"7":0,"8":0,"9":0,"10":0,"11":0,"12":0,"13":0,"14":0,"15":0,"16":0,"17":1,"18":0,"19":0,"20":0,"21":0,"22":0,"23":0,"24":0,"25":1,"26":0,"27":0,"28":0,"29":0,"30":0,"31":0,"32":0,"33":0,"34":0,"35":0,"36":0,"37":0,"38":0,"39":0,"40":0,"41":1,"42":1},"f":{"0":0,"1":0,"2":0,"3":0,"4":0},"b":{"0":[0,0],"1":[0,0],"2":[0,0],"3":[0,0],"4":[0,0],"5":[0,0],"6":[0,0],"7":[0,0],"8":[0,0],"9":[0,0]},"_coverageSchema":"1a1c01bbd47fc00a2c39e90264f33305004495a9","hash":"28c0a966ecfed558719489906c21aff7946d201c"}
,"C:\\Users\\Patryk\\ReactProject\\aplikacja\\backend\\routes\\cars.js": {"path":"C:\\Users\\Patryk\\ReactProject\\aplikacja\\backend\\routes\\cars.js","statementMap":{"0":{"start":{"line":1,"column":16},"end":{"line":1,"column":34}},"1":{"start":{"line":2,"column":15},"end":{"line":2,"column":31}},"2":{"start":{"line":3,"column":13},"end":{"line":3,"column":42}},"3":{"start":{"line":4,"column":64},"end":{"line":4,"column":99}},"4":{"start":{"line":7,"column":0},"end":{"line":40,"column":3}},"5":{"start":{"line":8,"column":4},"end":{"line":39,"column":5}},"6":{"start":{"line":9,"column":40},"end":{"line":9,"column":49}},"7":{"start":{"line":11,"column":20},"end":{"line":11,"column":50}},"8":{"start":{"line":12,"column":23},"end":{"line":12,"column":25}},"9":{"start":{"line":14,"column":8},"end":{"line":17,"column":9}},"10":{"start":{"line":15,"column":12},"end":{"line":15,"column":48}},"11":{"start":{"line":16,"column":12},"end":{"line":16,"column":57}},"12":{"start":{"line":19,"column":8},"end":{"line":22,"column":9}},"13":{"start":{"line":20,"column":12},"end":{"line":20,"column":46}},"14":{"start":{"line":21,"column":12},"end":{"line":21,"column":58}},"15":{"start":{"line":24,"column":8},"end":{"line":24,"column":36}},"16":{"start":{"line":26,"column":23},"end":{"line":26,"column":54}},"17":{"start":{"line":28,"column":8},"end":{"line":32,"column":11}},"18":{"start":{"line":34,"column":8},"end":{"line":34,"column":53}},"19":{"start":{"line":35,"column":8},"end":{"line":38,"column":11}},"20":{"start":{"line":43,"column":0},"end":{"line":66,"column":3}},"21":{"start":{"line":44,"column":4},"end":{"line":65,"column":5}},"22":{"start":{"line":45,"column":23},"end":{"line":45,"column":33}},"23":{"start":{"line":46,"column":23},"end":{"line":46,"column":81}},"24":{"start":{"line":48,"column":8},"end":{"line":53,"column":9}},"25":{"start":{"line":49,"column":12},"end":{"line":52,"column":15}},"26":{"start":{"line":55,"column":8},"end":{"line":58,"column":11}},"27":{"start":{"line":60,"column":8},"end":{"line":60,"column":52}},"28":{"start":{"line":61,"column":8},"end":{"line":64,"column":11}},"29":{"start":{"line":69,"column":0},"end":{"line":100,"column":3}},"30":{"start":{"line":70,"column":4},"end":{"line":99,"column":5}},"31":{"start":{"line":71,"column":117},"end":{"line":71,"column":125}},"32":{"start":{"line":73,"column":23},"end":{"line":78,"column":9}},"33":{"start":{"line":80,"column":8},"end":{"line":84,"column":11}},"34":{"start":{"line":86,"column":8},"end":{"line":86,"column":52}},"35":{"start":{"line":88,"column":8},"end":{"line":93,"column":9}},"36":{"start":{"line":89,"column":12},"end":{"line":92,"column":15}},"37":{"start":{"line":95,"column":8},"end":{"line":98,"column":11}},"38":{"start":{"line":103,"column":0},"end":{"line":138,"column":3}},"39":{"start":{"line":104,"column":4},"end":{"line":137,"column":5}},"40":{"start":{"line":105,"column":23},"end":{"line":105,"column":33}},"41":{"start":{"line":106,"column":128},"end":{"line":106,"column":136}},"42":{"start":{"line":109,"column":28},"end":{"line":109,"column":86}},"43":{"start":{"line":110,"column":8},"end":{"line":115,"column":9}},"44":{"start":{"line":111,"column":12},"end":{"line":114,"column":15}},"45":{"start":{"line":117,"column":23},"end":{"line":124,"column":9}},"46":{"start":{"line":126,"column":8},"end":{"line":130,"column":11}},"47":{"start":{"line":132,"column":8},"end":{"line":132,"column":52}},"48":{"start":{"line":133,"column":8},"end":{"line":136,"column":11}},"49":{"start":{"line":141,"column":0},"end":{"line":195,"column":3}},"50":{"start":{"line":142,"column":19},"end":{"line":142,"column":39}},"51":{"start":{"line":144,"column":4},"end":{"line":194,"column":5}},"52":{"start":{"line":145,"column":8},"end":{"line":145,"column":36}},"53":{"start":{"line":147,"column":23},"end":{"line":147,"column":33}},"54":{"start":{"line":150,"column":26},"end":{"line":150,"column":86}},"55":{"start":{"line":151,"column":8},"end":{"line":157,"column":9}},"56":{"start":{"line":152,"column":12},"end":{"line":152,"column":43}},"57":{"start":{"line":153,"column":12},"end":{"line":156,"column":15}},"58":{"start":{"line":160,"column":35},"end":{"line":164,"column":9}},"59":{"start":{"line":166,"column":8},"end":{"line":173,"column":9}},"60":{"start":{"line":167,"column":12},"end":{"line":167,"column":43}},"61":{"start":{"line":168,"column":12},"end":{"line":172,"column":15}},"62":{"start":{"line":176,"column":29},"end":{"line":176,"column":99}},"63":{"start":{"line":178,"column":8},"end":{"line":178,"column":37}},"64":{"start":{"line":180,"column":8},"end":{"line":184,"column":11}},"65":{"start":{"line":186,"column":8},"end":{"line":186,"column":39}},"66":{"start":{"line":187,"column":8},"end":{"line":187,"column":52}},"67":{"start":{"line":188,"column":8},"end":{"line":191,"column":11}},"68":{"start":{"line":193,"column":8},"end":{"line":193,"column":25}},"69":{"start":{"line":197,"column":0},"end":{"line":197,"column":24}}},"fnMap":{"0":{"name":"(anonymous_0)","decl":{"start":{"line":7,"column":37},"end":{"line":7,"column":38}},"loc":{"start":{"line":7,"column":57},"end":{"line":40,"column":1}},"line":7},"1":{"name":"(anonymous_1)","decl":{"start":{"line":43,"column":34},"end":{"line":43,"column":35}},"loc":{"start":{"line":43,"column":54},"end":{"line":66,"column":1}},"line":43},"2":{"name":"(anonymous_2)","decl":{"start":{"line":69,"column":34},"end":{"line":69,"column":35}},"loc":{"start":{"line":69,"column":54},"end":{"line":100,"column":1}},"line":69},"3":{"name":"(anonymous_3)","decl":{"start":{"line":103,"column":51},"end":{"line":103,"column":52}},"loc":{"start":{"line":103,"column":71},"end":{"line":138,"column":1}},"line":103},"4":{"name":"(anonymous_4)","decl":{"start":{"line":141,"column":37},"end":{"line":141,"column":38}},"loc":{"start":{"line":141,"column":57},"end":{"line":195,"column":1}},"line":141}},"branchMap":{"0":{"loc":{"start":{"line":14,"column":8},"end":{"line":17,"column":9}},"type":"if","locations":[{"start":{"line":14,"column":8},"end":{"line":17,"column":9}},{"start":{},"end":{}}],"line":14},"1":{"loc":{"start":{"line":19,"column":8},"end":{"line":22,"column":9}},"type":"if","locations":[{"start":{"line":19,"column":8},"end":{"line":22,"column":9}},{"start":{},"end":{}}],"line":19},"2":{"loc":{"start":{"line":48,"column":8},"end":{"line":53,"column":9}},"type":"if","locations":[{"start":{"line":48,"column":8},"end":{"line":53,"column":9}},{"start":{},"end":{}}],"line":48},"3":{"loc":{"start":{"line":77,"column":58},"end":{"line":77,"column":75}},"type":"binary-expr","locations":[{"start":{"line":77,"column":58},"end":{"line":77,"column":67}},{"start":{"line":77,"column":71},"end":{"line":77,"column":75}}],"line":77},"4":{"loc":{"start":{"line":77,"column":77},"end":{"line":77,"column":91}},"type":"binary-expr","locations":[{"start":{"line":77,"column":77},"end":{"line":77,"column":85}},{"start":{"line":77,"column":89},"end":{"line":77,"column":91}}],"line":77},"5":{"loc":{"start":{"line":77,"column":93},"end":{"line":77,"column":103}},"type":"binary-expr","locations":[{"start":{"line":77,"column":93},"end":{"line":77,"column":98}},{"start":{"line":77,"column":102},"end":{"line":77,"column":103}}],"line":77},"6":{"loc":{"start":{"line":77,"column":105},"end":{"line":77,"column":135}},"type":"binary-expr","locations":[{"start":{"line":77,"column":105},"end":{"line":77,"column":117}},{"start":{"line":77,"column":121},"end":{"line":77,"column":135}}],"line":77},"7":{"loc":{"start":{"line":77,"column":137},"end":{"line":77,"column":159}},"type":"binary-expr","locations":[{"start":{"line":77,"column":137},"end":{"line":77,"column":146}},{"start":{"line":77,"column":150},"end":{"line":77,"column":159}}],"line":77},"8":{"loc":{"start":{"line":88,"column":8},"end":{"line":93,"column":9}},"type":"if","locations":[{"start":{"line":88,"column":8},"end":{"line":93,"column":9}},{"start":{},"end":{}}],"line":88},"9":{"loc":{"start":{"line":110,"column":8},"end":{"line":115,"column":9}},"type":"if","locations":[{"start":{"line":110,"column":8},"end":{"line":115,"column":9}},{"start":{},"end":{}}],"line":110},"10":{"loc":{"start":{"line":123,"column":69},"end":{"line":123,"column":111}},"type":"cond-expr","locations":[{"start":{"line":123,"column":95},"end":{"line":123,"column":104}},{"start":{"line":123,"column":107},"end":{"line":123,"column":111}}],"line":123},"11":{"loc":{"start":{"line":123,"column":113},"end":{"line":123,"column":127}},"type":"binary-expr","locations":[{"start":{"line":123,"column":113},"end":{"line":123,"column":121}},{"start":{"line":123,"column":125},"end":{"line":123,"column":127}}],"line":123},"12":{"loc":{"start":{"line":123,"column":129},"end":{"line":123,"column":139}},"type":"binary-expr","locations":[{"start":{"line":123,"column":129},"end":{"line":123,"column":134}},{"start":{"line":123,"column":138},"end":{"line":123,"column":139}}],"line":123},"13":{"loc":{"start":{"line":123,"column":141},"end":{"line":123,"column":171}},"type":"binary-expr","locations":[{"start":{"line":123,"column":141},"end":{"line":123,"column":153}},{"start":{"line":123,"column":157},"end":{"line":123,"column":171}}],"line":123},"14":{"loc":{"start":{"line":123,"column":173},"end":{"line":123,"column":195}},"type":"binary-expr","locations":[{"start":{"line":123,"column":173},"end":{"line":123,"column":182}},{"start":{"line":123,"column":186},"end":{"line":123,"column":195}}],"line":123},"15":{"loc":{"start":{"line":151,"column":8},"end":{"line":157,"column":9}},"type":"if","locations":[{"start":{"line":151,"column":8},"end":{"line":157,"column":9}},{"start":{},"end":{}}],"line":151},"16":{"loc":{"start":{"line":166,"column":8},"end":{"line":173,"column":9}},"type":"if","locations":[{"start":{"line":166,"column":8},"end":{"line":173,"column":9}},{"start":{},"end":{}}],"line":166}},"s":{"0":1,"1":1,"2":1,"3":1,"4":1,"5":1,"6":1,"7":1,"8":1,"9":1,"10":0,"11":0,"12":1,"13":0,"14":0,"15":1,"16":1,"17":1,"18":0,"19":0,"20":1,"21":0,"22":0,"23":0,"24":0,"25":0,"26":0,"27":0,"28":0,"29":1,"30":1,"31":1,"32":1,"33":1,"34":0,"35":0,"36":0,"37":0,"38":1,"39":1,"40":1,"41":1,"42":1,"43":1,"44":0,"45":1,"46":1,"47":0,"48":0,"49":1,"50":1,"51":1,"52":1,"53":1,"54":1,"55":1,"56":0,"57":0,"58":1,"59":1,"60":0,"61":0,"62":1,"63":1,"64":1,"65":0,"66":0,"67":0,"68":1,"69":1},"f":{"0":1,"1":0,"2":1,"3":1,"4":1},"b":{"0":[0,1],"1":[0,1],"2":[0,0],"3":[1,1],"4":[1,1],"5":[1,1],"6":[1,1],"7":[1,1],"8":[0,0],"9":[0,1],"10":[0,1],"11":[1,1],"12":[1,1],"13":[1,1],"14":[1,1],"15":[0,1],"16":[0,1]},"_coverageSchema":"1a1c01bbd47fc00a2c39e90264f33305004495a9","hash":"1ca07ee2efdd6c5c9dd4b578ed38a983acedc20f"}
,"C:\\Users\\Patryk\\ReactProject\\aplikacja\\backend\\routes\\external.js": {"path":"C:\\Users\\Patryk\\ReactProject\\aplikacja\\backend\\routes\\external.js","statementMap":{"0":{"start":{"line":1,"column":16},"end":{"line":1,"column":34}},"1":{"start":{"line":2,"column":15},"end":{"line":2,"column":31}},"2":{"start":{"line":3,"column":14},"end":{"line":3,"column":30}},"3":{"start":{"line":6,"column":0},"end":{"line":54,"column":3}},"4":{"start":{"line":7,"column":4},"end":{"line":53,"column":5}},"5":{"start":{"line":8,"column":29},"end":{"line":8,"column":52}},"6":{"start":{"line":11,"column":25},"end":{"line":13,"column":10}},"7":{"start":{"line":15,"column":8},"end":{"line":17,"column":9}},"8":{"start":{"line":16,"column":12},"end":{"line":16,"column":71}},"9":{"start":{"line":20,"column":22},"end":{"line":29,"column":9}},"10":{"start":{"line":31,"column":8},"end":{"line":31,"column":24}},"11":{"start":{"line":33,"column":8},"end":{"line":33,"column":71}},"12":{"start":{"line":35,"column":8},"end":{"line":40,"column":9}},"13":{"start":{"line":36,"column":12},"end":{"line":39,"column":15}},"14":{"start":{"line":42,"column":8},"end":{"line":47,"column":9}},"15":{"start":{"line":43,"column":12},"end":{"line":46,"column":15}},"16":{"start":{"line":49,"column":8},"end":{"line":52,"column":11}},"17":{"start":{"line":57,"column":0},"end":{"line":112,"column":3}},"18":{"start":{"line":58,"column":4},"end":{"line":111,"column":5}},"19":{"start":{"line":59,"column":37},"end":{"line":59,"column":45}},"20":{"start":{"line":62,"column":8},"end":{"line":67,"column":9}},"21":{"start":{"line":63,"column":12},"end":{"line":66,"column":15}},"22":{"start":{"line":69,"column":8},"end":{"line":74,"column":9}},"23":{"start":{"line":70,"column":12},"end":{"line":73,"column":15}},"24":{"start":{"line":77,"column":25},"end":{"line":79,"column":10}},"25":{"start":{"line":81,"column":8},"end":{"line":86,"column":9}},"26":{"start":{"line":82,"column":12},"end":{"line":85,"column":15}},"27":{"start":{"line":88,"column":21},"end":{"line":88,"column":44}},"28":{"start":{"line":89,"column":32},"end":{"line":89,"column":45}},"29":{"start":{"line":91,"column":8},"end":{"line":102,"column":11}},"30":{"start":{"line":105,"column":8},"end":{"line":105,"column":67}},"31":{"start":{"line":107,"column":8},"end":{"line":110,"column":11}},"32":{"start":{"line":114,"column":0},"end":{"line":114,"column":24}}},"fnMap":{"0":{"name":"(anonymous_0)","decl":{"start":{"line":6,"column":30},"end":{"line":6,"column":31}},"loc":{"start":{"line":6,"column":50},"end":{"line":54,"column":1}},"line":6},"1":{"name":"(anonymous_1)","decl":{"start":{"line":57,"column":24},"end":{"line":57,"column":25}},"loc":{"start":{"line":57,"column":44},"end":{"line":112,"column":1}},"line":57}},"branchMap":{"0":{"loc":{"start":{"line":8,"column":29},"end":{"line":8,"column":52}},"type":"binary-expr","locations":[{"start":{"line":8,"column":29},"end":{"line":8,"column":43}},{"start":{"line":8,"column":47},"end":{"line":8,"column":52}}],"line":8},"1":{"loc":{"start":{"line":15,"column":8},"end":{"line":17,"column":9}},"type":"if","locations":[{"start":{"line":15,"column":8},"end":{"line":17,"column":9}},{"start":{},"end":{}}],"line":15},"2":{"loc":{"start":{"line":15,"column":12},"end":{"line":15,"column":50}},"type":"binary-expr","locations":[{"start":{"line":15,"column":12},"end":{"line":15,"column":26}},{"start":{"line":15,"column":30},"end":{"line":15,"column":50}}],"line":15},"3":{"loc":{"start":{"line":24,"column":21},"end":{"line":24,"column":49}},"type":"binary-expr","locations":[{"start":{"line":24,"column":21},"end":{"line":24,"column":44}},{"start":{"line":24,"column":48},"end":{"line":24,"column":49}}],"line":24},"4":{"loc":{"start":{"line":35,"column":8},"end":{"line":40,"column":9}},"type":"if","locations":[{"start":{"line":35,"column":8},"end":{"line":40,"column":9}},{"start":{},"end":{}}],"line":35},"5":{"loc":{"start":{"line":42,"column":8},"end":{"line":47,"column":9}},"type":"if","locations":[{"start":{"line":42,"column":8},"end":{"line":47,"column":9}},{"start":{},"end":{}}],"line":42},"6":{"loc":{"start":{"line":45,"column":25},"end":{"line":45,"column":89}},"type":"binary-expr","locations":[{"start":{"line":45,"column":25},"end":{"line":45,"column":53}},{"start":{"line":45,"column":57},"end":{"line":45,"column":89}}],"line":45},"7":{"loc":{"start":{"line":62,"column":8},"end":{"line":67,"column":9}},"type":"if","locations":[{"start":{"line":62,"column":8},"end":{"line":67,"column":9}},{"start":{},"end":{}}],"line":62},"8":{"loc":{"start":{"line":62,"column":12},"end":{"line":62,"column":64}},"type":"binary-expr","locations":[{"start":{"line":62,"column":12},"end":{"line":62,"column":19}},{"start":{"line":62,"column":23},"end":{"line":62,"column":49}},{"start":{"line":62,"column":53},"end":{"line":62,"column":64}}],"line":62},"9":{"loc":{"start":{"line":69,"column":8},"end":{"line":74,"column":9}},"type":"if","locations":[{"start":{"line":69,"column":8},"end":{"line":74,"column":9}},{"start":{},"end":{}}],"line":69},"10":{"loc":{"start":{"line":69,"column":12},"end":{"line":69,"column":24}},"type":"binary-expr","locations":[{"start":{"line":69,"column":12},"end":{"line":69,"column":17}},{"start":{"line":69,"column":21},"end":{"line":69,"column":24}}],"line":69},"11":{"loc":{"start":{"line":81,"column":8},"end":{"line":86,"column":9}},"type":"if","locations":[{"start":{"line":81,"column":8},"end":{"line":86,"column":9}},{"start":{},"end":{}}],"line":81},"12":{"loc":{"start":{"line":81,"column":12},"end":{"line":81,"column":78}},"type":"binary-expr","locations":[{"start":{"line":81,"column":12},"end":{"line":81,"column":26}},{"start":{"line":81,"column":30},"end":{"line":81,"column":50}},{"start":{"line":81,"column":54},"end":{"line":81,"column":78}}],"line":81}},"s":{"0":1,"1":1,"2":1,"3":1,"4":1,"5":1,"6":1,"7":1,"8":0,"9":1,"10":1,"11":0,"12":0,"13":0,"14":0,"15":0,"16":0,"17":1,"18":0,"19":0,"20":0,"21":0,"22":0,"23":0,"24":0,"25":0,"26":0,"27":0,"28":0,"29":0,"30":0,"31":0,"32":1},"f":{"0":1,"1":0},"b":{"0":[1,0],"1":[0,1],"2":[1,1],"3":[1,0],"4":[0,0],"5":[0,0],"6":[0,0],"7":[0,0],"8":[0,0,0],"9":[0,0],"10":[0,0],"11":[0,0],"12":[0,0,0]},"_coverageSchema":"1a1c01bbd47fc00a2c39e90264f33305004495a9","hash":"938dc0a63df0d291546ad7a582a910782a9156c8"}
,"C:\\Users\\Patryk\\ReactProject\\aplikacja\\backend\\routes\\reservations.js": {"path":"C:\\Users\\Patryk\\ReactProject\\aplikacja\\backend\\routes\\reservations.js","statementMap":{"0":{"start":{"line":1,"column":16},"end":{"line":1,"column":34}},"1":{"start":{"line":2,"column":15},"end":{"line":2,"column":31}},"2":{"start":{"line":3,"column":13},"end":{"line":3,"column":42}},"3":{"start":{"line":6,"column":0},"end":{"line":36,"column":3}},"4":{"start":{"line":7,"column":4},"end":{"line":35,"column":5}},"5":{"start":{"line":8,"column":39},"end":{"line":8,"column":48}},"6":{"start":{"line":10,"column":20},"end":{"line":15,"column":5}},"7":{"start":{"line":16,"column":23},"end":{"line":16,"column":25}},"8":{"start":{"line":18,"column":8},"end":{"line":21,"column":9}},"9":{"start":{"line":19,"column":12},"end":{"line":19,"column":32}},"10":{"start":{"line":20,"column":12},"end":{"line":20,"column":57}},"11":{"start":{"line":23,"column":8},"end":{"line":26,"column":9}},"12":{"start":{"line":24,"column":12},"end":{"line":24,"column":36}},"13":{"start":{"line":25,"column":12},"end":{"line":25,"column":61}},"14":{"start":{"line":28,"column":8},"end":{"line":28,"column":47}},"15":{"start":{"line":30,"column":23},"end":{"line":30,"column":54}},"16":{"start":{"line":31,"column":8},"end":{"line":31,"column":30}},"17":{"start":{"line":33,"column":8},"end":{"line":33,"column":61}},"18":{"start":{"line":34,"column":8},"end":{"line":34,"column":65}},"19":{"start":{"line":39,"column":0},"end":{"line":59,"column":3}},"20":{"start":{"line":40,"column":4},"end":{"line":58,"column":5}},"21":{"start":{"line":41,"column":23},"end":{"line":41,"column":33}},"22":{"start":{"line":42,"column":23},"end":{"line":48,"column":9}},"23":{"start":{"line":50,"column":8},"end":{"line":52,"column":9}},"24":{"start":{"line":51,"column":12},"end":{"line":51,"column":76}},"25":{"start":{"line":54,"column":8},"end":{"line":54,"column":33}},"26":{"start":{"line":56,"column":8},"end":{"line":56,"column":60}},"27":{"start":{"line":57,"column":8},"end":{"line":57,"column":65}},"28":{"start":{"line":62,"column":0},"end":{"line":118,"column":3}},"29":{"start":{"line":63,"column":19},"end":{"line":63,"column":39}},"30":{"start":{"line":65,"column":4},"end":{"line":117,"column":5}},"31":{"start":{"line":66,"column":8},"end":{"line":66,"column":36}},"32":{"start":{"line":68,"column":104},"end":{"line":68,"column":112}},"33":{"start":{"line":71,"column":25},"end":{"line":71,"column":97}},"34":{"start":{"line":73,"column":8},"end":{"line":76,"column":9}},"35":{"start":{"line":74,"column":12},"end":{"line":74,"column":43}},"36":{"start":{"line":75,"column":12},"end":{"line":75,"column":68}},"37":{"start":{"line":78,"column":8},"end":{"line":81,"column":9}},"38":{"start":{"line":79,"column":12},"end":{"line":79,"column":43}},"39":{"start":{"line":80,"column":12},"end":{"line":80,"column":75}},"40":{"start":{"line":84,"column":30},"end":{"line":94,"column":9}},"41":{"start":{"line":96,"column":8},"end":{"line":99,"column":9}},"42":{"start":{"line":97,"column":12},"end":{"line":97,"column":43}},"43":{"start":{"line":98,"column":12},"end":{"line":98,"column":94}},"44":{"start":{"line":102,"column":23},"end":{"line":107,"column":9}},"45":{"start":{"line":109,"column":8},"end":{"line":109,"column":37}},"46":{"start":{"line":110,"column":8},"end":{"line":110,"column":45}},"47":{"start":{"line":112,"column":8},"end":{"line":112,"column":39}},"48":{"start":{"line":113,"column":8},"end":{"line":113,"column":60}},"49":{"start":{"line":114,"column":8},"end":{"line":114,"column":65}},"50":{"start":{"line":116,"column":8},"end":{"line":116,"column":25}},"51":{"start":{"line":121,"column":0},"end":{"line":143,"column":3}},"52":{"start":{"line":122,"column":4},"end":{"line":142,"column":5}},"53":{"start":{"line":123,"column":23},"end":{"line":123,"column":33}},"54":{"start":{"line":124,"column":69},"end":{"line":124,"column":77}},"55":{"start":{"line":126,"column":23},"end":{"line":132,"column":9}},"56":{"start":{"line":134,"column":8},"end":{"line":136,"column":9}},"57":{"start":{"line":135,"column":12},"end":{"line":135,"column":76}},"58":{"start":{"line":138,"column":8},"end":{"line":138,"column":33}},"59":{"start":{"line":140,"column":8},"end":{"line":140,"column":60}},"60":{"start":{"line":141,"column":8},"end":{"line":141,"column":65}},"61":{"start":{"line":146,"column":0},"end":{"line":163,"column":3}},"62":{"start":{"line":147,"column":4},"end":{"line":162,"column":5}},"63":{"start":{"line":148,"column":23},"end":{"line":148,"column":33}},"64":{"start":{"line":149,"column":23},"end":{"line":152,"column":9}},"65":{"start":{"line":154,"column":8},"end":{"line":156,"column":9}},"66":{"start":{"line":155,"column":12},"end":{"line":155,"column":76}},"67":{"start":{"line":158,"column":8},"end":{"line":158,"column":97}},"68":{"start":{"line":160,"column":8},"end":{"line":160,"column":62}},"69":{"start":{"line":161,"column":8},"end":{"line":161,"column":65}},"70":{"start":{"line":165,"column":0},"end":{"line":165,"column":24}}},"fnMap":{"0":{"name":"(anonymous_0)","decl":{"start":{"line":6,"column":16},"end":{"line":6,"column":17}},"loc":{"start":{"line":6,"column":36},"end":{"line":36,"column":1}},"line":6},"1":{"name":"(anonymous_1)","decl":{"start":{"line":39,"column":19},"end":{"line":39,"column":20}},"loc":{"start":{"line":39,"column":39},"end":{"line":59,"column":1}},"line":39},"2":{"name":"(anonymous_2)","decl":{"start":{"line":62,"column":17},"end":{"line":62,"column":18}},"loc":{"start":{"line":62,"column":37},"end":{"line":118,"column":1}},"line":62},"3":{"name":"(anonymous_3)","decl":{"start":{"line":121,"column":19},"end":{"line":121,"column":20}},"loc":{"start":{"line":121,"column":39},"end":{"line":143,"column":1}},"line":121},"4":{"name":"(anonymous_4)","decl":{"start":{"line":146,"column":22},"end":{"line":146,"column":23}},"loc":{"start":{"line":146,"column":42},"end":{"line":163,"column":1}},"line":146}},"branchMap":{"0":{"loc":{"start":{"line":18,"column":8},"end":{"line":21,"column":9}},"type":"if","locations":[{"start":{"line":18,"column":8},"end":{"line":21,"column":9}},{"start":{},"end":{}}],"line":18},"1":{"loc":{"start":{"line":23,"column":8},"end":{"line":26,"column":9}},"type":"if","locations":[{"start":{"line":23,"column":8},"end":{"line":26,"column":9}},{"start":{},"end":{}}],"line":23},"2":{"loc":{"start":{"line":50,"column":8},"end":{"line":52,"column":9}},"type":"if","locations":[{"start":{"line":50,"column":8},"end":{"line":52,"column":9}},{"start":{},"end":{}}],"line":50},"3":{"loc":{"start":{"line":73,"column":8},"end":{"line":76,"column":9}},"type":"if","locations":[{"start":{"line":73,"column":8},"end":{"line":76,"column":9}},{"start":{},"end":{}}],"line":73},"4":{"loc":{"start":{"line":78,"column":8},"end":{"line":81,"column":9}},"type":"if","locations":[{"start":{"line":78,"column":8},"end":{"line":81,"column":9}},{"start":{},"end":{}}],"line":78},"5":{"loc":{"start":{"line":96,"column":8},"end":{"line":99,"column":9}},"type":"if","locations":[{"start":{"line":96,"column":8},"end":{"line":99,"column":9}},{"start":{},"end":{}}],"line":96},"6":{"loc":{"start":{"line":134,"column":8},"end":{"line":136,"column":9}},"type":"if","locations":[{"start":{"line":134,"column":8},"end":{"line":136,"column":9}},{"start":{},"end":{}}],"line":134},"7":{"loc":{"start":{"line":154,"column":8},"end":{"line":156,"column":9}},"type":"if","locations":[{"start":{"line":154,"column":8},"end":{"line":156,"column":9}},{"start":{},"end":{}}],"line":154}},"s":{"0":1,"1":1,"2":1,"3":1,"4":0,"5":0,"6":0,"7":0,"8":0,"9":0,"10":0,"11":0,"12":0,"13":0,"14":0,"15":0,"16":0,"17":0,"18":0,"19":1,"20":0,"21":0,"22":0,"23":0,"24":0,"25":0,"26":0,"27":0,"28":1,"29":0,"30":0,"31":0,"32":0,"33":0,"34":0,"35":0,"36":0,"37":0,"38":0,"39":0,"40":0,"41":0,"42":0,"43":0,"44":0,"45":0,"46":0,"47":0,"48":0,"49":0,"50":0,"51":1,"52":0,"53":0,"54":0,"55":0,"56":0,"57":0,"58":0,"59":0,"60":0,"61":1,"62":0,"63":0,"64":0,"65":0,"66":0,"67":0,"68":0,"69":0,"70":1},"f":{"0":0,"1":0,"2":0,"3":0,"4":0},"b":{"0":[0,0],"1":[0,0],"2":[0,0],"3":[0,0],"4":[0,0],"5":[0,0],"6":[0,0],"7":[0,0]},"_coverageSchema":"1a1c01bbd47fc00a2c39e90264f33305004495a9","hash":"d5c5b9c0c880da1387a5230902298a2d2e4eb74f"}
}
