TN:
SF:server.js
FN:14,(anonymous_0)
FN:31,(anonymous_1)
FN:40,(anonymous_2)
FN:55,(anonymous_3)
FN:60,(anonymous_4)
FN:68,(anonymous_5)
FNF:6
FNH:1
FNDA:5,(anonymous_0)
FNDA:0,(anonymous_1)
FNDA:0,(anonymous_2)
FNDA:0,(anonymous_3)
FNDA:0,(anonymous_4)
FNDA:0,(anonymous_5)
DA:1,1
DA:2,1
DA:3,1
DA:4,1
DA:6,1
DA:9,1
DA:10,1
DA:11,1
DA:14,1
DA:15,5
DA:16,5
DA:20,1
DA:21,1
DA:22,1
DA:23,1
DA:25,1
DA:26,1
DA:27,1
DA:28,1
DA:31,1
DA:32,0
DA:40,1
DA:41,0
DA:55,1
DA:56,0
DA:60,1
DA:61,0
DA:62,0
DA:66,1
DA:67,0
DA:68,0
DA:69,0
DA:70,0
DA:71,0
DA:76,1
LF:35
LH:25
BRDA:35,0,0,0
BRDA:35,0,1,0
BRDA:66,1,0,0
BRDA:66,1,1,1
BRDA:67,2,0,0
BRDA:67,2,1,0
BRF:6
BRH:1
end_of_record
TN:
SF:config\database.js
FN:13,(anonymous_0)
FN:17,(anonymous_1)
FNF:2
FNH:1
FNDA:1,(anonymous_0)
FNDA:0,(anonymous_1)
DA:1,1
DA:2,1
DA:4,1
DA:13,1
DA:14,1
DA:17,1
DA:18,0
DA:19,0
DA:22,1
LF:9
LH:7
BRF:0
BRH:0
end_of_record
TN:
SF:middleware\validation.js
FN:3,(anonymous_0)
FN:57,(anonymous_1)
FN:70,(anonymous_2)
FNF:3
FNH:3
FNDA:2,(anonymous_0)
FNDA:2,(anonymous_1)
FNDA:1,(anonymous_2)
DA:3,1
DA:4,2
DA:5,2
DA:8,2
DA:9,0
DA:12,2
DA:13,0
DA:16,2
DA:17,0
DA:20,2
DA:21,2
DA:22,0
DA:25,2
DA:26,0
DA:30,2
DA:31,0
DA:34,2
DA:35,0
DA:38,2
DA:39,0
DA:42,2
DA:43,0
DA:50,2
DA:51,2
DA:52,2
DA:54,2
DA:57,1
DA:58,2
DA:60,2
DA:61,0
DA:67,2
DA:70,1
DA:71,1
DA:72,1
DA:74,1
DA:75,0
DA:76,0
DA:77,0
DA:81,1
DA:82,0
DA:85,1
DA:86,0
DA:92,1
DA:95,1
LF:44
LH:29
BRDA:8,0,0,0
BRDA:8,0,1,2
BRDA:8,1,0,2
BRDA:8,1,1,2
BRDA:8,1,2,2
BRDA:8,1,3,2
BRDA:12,2,0,0
BRDA:12,2,1,2
BRDA:12,3,0,2
BRDA:12,3,1,2
BRDA:12,3,2,2
BRDA:12,3,3,2
BRDA:16,4,0,0
BRDA:16,4,1,2
BRDA:16,5,0,2
BRDA:16,5,1,2
BRDA:16,5,2,2
BRDA:16,5,3,2
BRDA:21,6,0,0
BRDA:21,6,1,2
BRDA:21,7,0,2
BRDA:21,7,1,2
BRDA:25,8,0,0
BRDA:25,8,1,2
BRDA:25,9,0,2
BRDA:25,9,1,2
BRDA:25,9,2,2
BRDA:30,10,0,0
BRDA:30,10,1,2
BRDA:30,11,0,2
BRDA:30,11,1,0
BRDA:34,12,0,0
BRDA:34,12,1,2
BRDA:34,13,0,2
BRDA:34,13,1,0
BRDA:34,13,2,0
BRDA:34,13,3,0
BRDA:38,14,0,0
BRDA:38,14,1,2
BRDA:38,15,0,2
BRDA:38,15,1,0
BRDA:42,16,0,0
BRDA:42,16,1,2
BRDA:60,17,0,0
BRDA:60,17,1,2
BRDA:60,18,0,2
BRDA:60,18,1,2
BRDA:74,19,0,0
BRDA:74,19,1,1
BRDA:76,20,0,0
BRDA:76,20,1,0
BRDA:81,21,0,0
BRDA:81,21,1,1
BRDA:81,22,0,1
BRDA:81,22,1,0
BRDA:81,22,2,0
BRDA:85,23,0,0
BRDA:85,23,1,1
BRF:58
BRH:36
end_of_record
TN:
SF:routes\auth.js
FN:16,generateSessionToken
FN:21,(anonymous_1)
FN:69,(anonymous_2)
FN:92,(anonymous_3)
FN:130,requireAuth
FNF:5
FNH:0
FNDA:0,generateSessionToken
FNDA:0,(anonymous_1)
FNDA:0,(anonymous_2)
FNDA:0,(anonymous_3)
FNDA:0,requireAuth
DA:1,1
DA:2,1
DA:7,1
DA:13,1
DA:17,0
DA:21,1
DA:22,0
DA:23,0
DA:26,0
DA:27,0
DA:34,0
DA:35,0
DA:42,0
DA:43,0
DA:49,0
DA:60,0
DA:61,0
DA:69,1
DA:70,0
DA:71,0
DA:73,0
DA:74,0
DA:77,0
DA:83,0
DA:84,0
DA:92,1
DA:93,0
DA:94,0
DA:96,0
DA:97,0
DA:103,0
DA:105,0
DA:106,0
DA:112,0
DA:121,0
DA:122,0
DA:131,0
DA:133,0
DA:134,0
DA:140,0
DA:141,0
DA:144,1
DA:145,1
LF:43
LH:9
BRDA:26,0,0,0
BRDA:26,0,1,0
BRDA:26,1,0,0
BRDA:26,1,1,0
BRDA:34,2,0,0
BRDA:34,2,1,0
BRDA:34,3,0,0
BRDA:34,3,1,0
BRDA:73,4,0,0
BRDA:73,4,1,0
BRDA:73,5,0,0
BRDA:73,5,1,0
BRDA:96,6,0,0
BRDA:96,6,1,0
BRDA:105,7,0,0
BRDA:105,7,1,0
BRDA:133,8,0,0
BRDA:133,8,1,0
BRDA:133,9,0,0
BRDA:133,9,1,0
BRF:20
BRH:0
end_of_record
TN:
SF:routes\cars.js
FN:7,(anonymous_0)
FN:43,(anonymous_1)
FN:69,(anonymous_2)
FN:103,(anonymous_3)
FN:141,(anonymous_4)
FNF:5
FNH:4
FNDA:1,(anonymous_0)
FNDA:0,(anonymous_1)
FNDA:1,(anonymous_2)
FNDA:1,(anonymous_3)
FNDA:1,(anonymous_4)
DA:1,1
DA:2,1
DA:3,1
DA:4,1
DA:7,1
DA:8,1
DA:9,1
DA:11,1
DA:12,1
DA:14,1
DA:15,0
DA:16,0
DA:19,1
DA:20,0
DA:21,0
DA:24,1
DA:26,1
DA:28,1
DA:34,0
DA:35,0
DA:43,1
DA:44,0
DA:45,0
DA:46,0
DA:48,0
DA:49,0
DA:55,0
DA:60,0
DA:61,0
DA:69,1
DA:70,1
DA:71,1
DA:73,1
DA:80,1
DA:86,0
DA:88,0
DA:89,0
DA:95,0
DA:103,1
DA:104,1
DA:105,1
DA:106,1
DA:109,1
DA:110,1
DA:111,0
DA:117,1
DA:126,1
DA:132,0
DA:133,0
DA:141,1
DA:142,1
DA:144,1
DA:145,1
DA:147,1
DA:150,1
DA:151,1
DA:152,0
DA:153,0
DA:160,1
DA:166,1
DA:167,0
DA:168,0
DA:176,1
DA:178,1
DA:180,1
DA:186,0
DA:187,0
DA:188,0
DA:193,1
DA:197,1
LF:70
LH:42
BRDA:14,0,0,0
BRDA:14,0,1,1
BRDA:19,1,0,0
BRDA:19,1,1,1
BRDA:48,2,0,0
BRDA:48,2,1,0
BRDA:77,3,0,1
BRDA:77,3,1,1
BRDA:77,4,0,1
BRDA:77,4,1,1
BRDA:77,5,0,1
BRDA:77,5,1,1
BRDA:77,6,0,1
BRDA:77,6,1,1
BRDA:77,7,0,1
BRDA:77,7,1,1
BRDA:88,8,0,0
BRDA:88,8,1,0
BRDA:110,9,0,0
BRDA:110,9,1,1
BRDA:123,10,0,0
BRDA:123,10,1,1
BRDA:123,11,0,1
BRDA:123,11,1,1
BRDA:123,12,0,1
BRDA:123,12,1,1
BRDA:123,13,0,1
BRDA:123,13,1,1
BRDA:123,14,0,1
BRDA:123,14,1,1
BRDA:151,15,0,0
BRDA:151,15,1,1
BRDA:166,16,0,0
BRDA:166,16,1,1
BRF:34
BRH:24
end_of_record
TN:
SF:routes\external.js
FN:6,(anonymous_0)
FN:57,(anonymous_1)
FNF:2
FNH:1
FNDA:1,(anonymous_0)
FNDA:0,(anonymous_1)
DA:1,1
DA:2,1
DA:3,1
DA:6,1
DA:7,1
DA:8,1
DA:11,1
DA:15,1
DA:16,0
DA:20,1
DA:31,1
DA:33,0
DA:35,0
DA:36,0
DA:42,0
DA:43,0
DA:49,0
DA:57,1
DA:58,0
DA:59,0
DA:62,0
DA:63,0
DA:69,0
DA:70,0
DA:77,0
DA:81,0
DA:82,0
DA:88,0
DA:89,0
DA:91,0
DA:105,0
DA:107,0
DA:114,1
LF:33
LH:12
BRDA:8,0,0,1
BRDA:8,0,1,0
BRDA:15,1,0,0
BRDA:15,1,1,1
BRDA:15,2,0,1
BRDA:15,2,1,1
BRDA:24,3,0,1
BRDA:24,3,1,0
BRDA:35,4,0,0
BRDA:35,4,1,0
BRDA:42,5,0,0
BRDA:42,5,1,0
BRDA:45,6,0,0
BRDA:45,6,1,0
BRDA:62,7,0,0
BRDA:62,7,1,0
BRDA:62,8,0,0
BRDA:62,8,1,0
BRDA:62,8,2,0
BRDA:69,9,0,0
BRDA:69,9,1,0
BRDA:69,10,0,0
BRDA:69,10,1,0
BRDA:81,11,0,0
BRDA:81,11,1,0
BRDA:81,12,0,0
BRDA:81,12,1,0
BRDA:81,12,2,0
BRF:28
BRH:5
end_of_record
TN:
SF:routes\reservations.js
FN:6,(anonymous_0)
FN:39,(anonymous_1)
FN:62,(anonymous_2)
FN:121,(anonymous_3)
FN:146,(anonymous_4)
FNF:5
FNH:0
FNDA:0,(anonymous_0)
FNDA:0,(anonymous_1)
FNDA:0,(anonymous_2)
FNDA:0,(anonymous_3)
FNDA:0,(anonymous_4)
DA:1,1
DA:2,1
DA:3,1
DA:6,1
DA:7,0
DA:8,0
DA:10,0
DA:16,0
DA:18,0
DA:19,0
DA:20,0
DA:23,0
DA:24,0
DA:25,0
DA:28,0
DA:30,0
DA:31,0
DA:33,0
DA:34,0
DA:39,1
DA:40,0
DA:41,0
DA:42,0
DA:50,0
DA:51,0
DA:54,0
DA:56,0
DA:57,0
DA:62,1
DA:63,0
DA:65,0
DA:66,0
DA:68,0
DA:71,0
DA:73,0
DA:74,0
DA:75,0
DA:78,0
DA:79,0
DA:80,0
DA:84,0
DA:96,0
DA:97,0
DA:98,0
DA:102,0
DA:109,0
DA:110,0
DA:112,0
DA:113,0
DA:114,0
DA:116,0
DA:121,1
DA:122,0
DA:123,0
DA:124,0
DA:126,0
DA:134,0
DA:135,0
DA:138,0
DA:140,0
DA:141,0
DA:146,1
DA:147,0
DA:148,0
DA:149,0
DA:154,0
DA:155,0
DA:158,0
DA:160,0
DA:161,0
DA:165,1
LF:71
LH:9
BRDA:18,0,0,0
BRDA:18,0,1,0
BRDA:23,1,0,0
BRDA:23,1,1,0
BRDA:50,2,0,0
BRDA:50,2,1,0
BRDA:73,3,0,0
BRDA:73,3,1,0
BRDA:78,4,0,0
BRDA:78,4,1,0
BRDA:96,5,0,0
BRDA:96,5,1,0
BRDA:134,6,0,0
BRDA:134,6,1,0
BRDA:154,7,0,0
BRDA:154,7,1,0
BRF:16
BRH:0
end_of_record
